<?xml version="1.0" encoding="UTF-8"?>
<testsuite xmlns:xsi="http://www.w3.org/2001/XMLSchema-instance" xsi:noNamespaceSchemaLocation="https://maven.apache.org/surefire/maven-surefire-plugin/xsd/surefire-test-report.xsd" name="TestSuite" time="116.565" tests="7" errors="0" skipped="0" failures="0">
  <properties>
[...]
</properties>
  <testcase name="verifyLogin" classname="testcases.LoginTest" time="4.032"/>
  <testcase name="verifyLogin" classname="testcases.LoginTest" time="3.887"/>
  <testcase name="verifyLogin" classname="testcases.LoginTestNeg" time="1.943"/>
  <testcase name="shopping" classname="testcases.ShoppingTest" time="15.727"/>
  <testcase name="reOrder" classname="testcases.ReOrderFromOrderHistory" time="24.962"/>
  <testcase name="modificationInAddress" classname="testcases.AddBillingAddress" time="21.526"/>
  <testcase name="reportCustomerCare" classname="testcases.ReportCustomerCare" time="31.994"/>
</testsuite>